[12:56:19] [Debug] Single Line Source:const char * zz_core_version(void)
[12:56:19] [Debug] C2PB_FunctionToProtoType() inputstring = [const char * zz_core_version(void)]
[12:56:19] [Debug] C2PB_FunctionToProtoType() result = [const char * zz_core_version(void)]
[12:56:19] [Debug] C2PB_FunctionToProtoType() args = [void]
[12:56:19] [Debug] C2PB_FunctionToProtoType() pramname = [void]
[12:56:19] [Debug] C2PB_FunctionToProtoType() argstype = []
[12:56:19] [Debug] C2PB_FunctionToProtoType() (A) std\c_name = [void]
[12:56:19] [Debug] C2PB_FunctionToProtoType() (A) std\c_type = []
[12:56:19] [Debug] C2PB_FunctionToProtoType() (A) std\pb_type = []
[12:56:19] [Debug] SearchTypeDef() name=[void] type=[]
[12:56:19] [Debug] C2PB_FunctionToProtoType() (B) std\c_name = []
[12:56:19] [Debug] C2PB_FunctionToProtoType() (B) std\c_type = []
[12:56:19] [Debug] C2PB_FunctionToProtoType() (B) std\pb_type = []
[12:56:19] [Debug] SearchTypeDef() name=[] type=[const char *]
[12:56:19] [Debug] ==PrototypeC.l zz_core_version() : Global zz_core_version.zz_core_version
[12:56:19] [Debug] ==zz_core_version = GetFunction(dll,"zz_core_version")
[12:56:19] [Debug] 
[12:56:19] [Debug] Single Line Source:uint8_t zz_core_mute(zz_core_t K, uint8_t clr, uint8_t set)
[12:56:19] [Debug] C2PB_FunctionToProtoType() inputstring = [uint8_t zz_core_mute(zz_core_t K, uint8_t clr, uint8_t set)]
[12:56:19] [Debug] C2PB_FunctionToProtoType() result = [uint8_t zz_core_mute(zz_core_t K, uint8_t clr, uint8_t set)]
[12:56:19] [Debug] C2PB_FunctionToProtoType() args = [zz_core_t K, uint8_t clr, uint8_t set]
[12:56:19] [Debug] C2PB_FunctionToProtoType() pramname = [K]
[12:56:19] [Debug] C2PB_FunctionToProtoType() argstype = [zz_core_t ]
[12:56:19] [Debug] C2PB_FunctionToProtoType() pramname = [clr]
[12:56:19] [Debug] C2PB_FunctionToProtoType() argstype = [uint8_t ]
[12:56:19] [Debug] C2PB_FunctionToProtoType() pramname = [set]
[12:56:19] [Debug] C2PB_FunctionToProtoType() argstype = [uint8_t ]
[12:56:19] [Debug] C2PB_FunctionToProtoType() (A) std\c_name = [K]
[12:56:19] [Debug] C2PB_FunctionToProtoType() (A) std\c_type = [zz_core_t]
[12:56:19] [Debug] C2PB_FunctionToProtoType() (A) std\pb_type = []
[12:56:19] [Debug] SearchTypeDef() name=[K] type=[zz_core_t]
[12:56:19] [Debug] C2PB_FunctionToProtoType() (B) std\c_name = [K]
[12:56:19] [Debug] C2PB_FunctionToProtoType() (B) std\c_type = [zz_core_t]
[12:56:19] [Debug] C2PB_FunctionToProtoType() (B) std\pb_type = [.l]
[12:56:19] [Debug] C2PB_FunctionToProtoType() (A) std\c_name = [clr]
[12:56:19] [Debug] C2PB_FunctionToProtoType() (A) std\c_type = [uint8_t]
[12:56:19] [Debug] C2PB_FunctionToProtoType() (A) std\pb_type = []
[12:56:19] [Debug] SearchTypeDef() name=[clr] type=[uint8_t]
[12:56:19] [Debug] C2PB_FunctionToProtoType() (B) std\c_name = [clr]
[12:56:19] [Debug] C2PB_FunctionToProtoType() (B) std\c_type = [uint8_t]
[12:56:19] [Debug] C2PB_FunctionToProtoType() (B) std\pb_type = []
[12:56:19] [Debug] C2PB_FunctionToProtoType() (A) std\c_name = [set]
[12:56:19] [Debug] C2PB_FunctionToProtoType() (A) std\c_type = [uint8_t]
[12:56:19] [Debug] C2PB_FunctionToProtoType() (A) std\pb_type = []
[12:56:19] [Debug] SearchTypeDef() name=[set] type=[uint8_t]
[12:56:19] [Debug] C2PB_FunctionToProtoType() (B) std\c_name = [set]
[12:56:19] [Debug] C2PB_FunctionToProtoType() (B) std\c_type = [uint8_t]
[12:56:19] [Debug] C2PB_FunctionToProtoType() (B) std\pb_type = []
[12:56:19] [Debug] SearchTypeDef() name=[] type=[uint8_t]
[12:56:19] [Debug] ==PrototypeC zz_core_mute(K.l,clr,set) : Global zz_core_mute.zz_core_mute
[12:56:19] [Debug] ==zz_core_mute = GetFunction(dll,"zz_core_mute")
[12:56:19] [Debug] 
[12:56:19] [Debug] Single Line Source:zz_err_t zz_core_init(zz_core_t core, zz_mixer_t mixer, zz_u32_t spr)
[12:56:19] [Debug] C2PB_FunctionToProtoType() inputstring = [zz_err_t zz_core_init(zz_core_t core, zz_mixer_t mixer, zz_u32_t spr)]
[12:56:19] [Debug] C2PB_FunctionToProtoType() result = [zz_err_t zz_core_init(zz_core_t core, zz_mixer_t mixer, zz_u32_t spr)]
[12:56:19] [Debug] C2PB_FunctionToProtoType() args = [zz_core_t core, zz_mixer_t mixer, zz_u32_t spr]
[12:56:19] [Debug] C2PB_FunctionToProtoType() pramname = [core]
[12:56:19] [Debug] C2PB_FunctionToProtoType() argstype = [zz_core_t ]
[12:56:19] [Debug] C2PB_FunctionToProtoType() pramname = [mixer]
[12:56:19] [Debug] C2PB_FunctionToProtoType() argstype = [zz_mixer_t ]
[12:56:19] [Debug] C2PB_FunctionToProtoType() pramname = [spr]
[12:56:19] [Debug] C2PB_FunctionToProtoType() argstype = [zz_u32_t ]
[12:56:19] [Debug] C2PB_FunctionToProtoType() (A) std\c_name = [core]
[12:56:19] [Debug] C2PB_FunctionToProtoType() (A) std\c_type = [zz_core_t]
[12:56:19] [Debug] C2PB_FunctionToProtoType() (A) std\pb_type = []
[12:56:19] [Debug] SearchTypeDef() name=[core] type=[zz_core_t]
[12:56:19] [Debug] C2PB_FunctionToProtoType() (B) std\c_name = [core]
[12:56:19] [Debug] C2PB_FunctionToProtoType() (B) std\c_type = [zz_core_t]
[12:56:19] [Debug] C2PB_FunctionToProtoType() (B) std\pb_type = [.l]
[12:56:19] [Debug] C2PB_FunctionToProtoType() (A) std\c_name = [mixer]
[12:56:19] [Debug] C2PB_FunctionToProtoType() (A) std\c_type = [zz_mixer_t]
[12:56:19] [Debug] C2PB_FunctionToProtoType() (A) std\pb_type = []
[12:56:19] [Debug] SearchTypeDef() name=[mixer] type=[zz_mixer_t]
[12:56:19] [Debug] C2PB_FunctionToProtoType() (B) std\c_name = [mixer]
[12:56:19] [Debug] C2PB_FunctionToProtoType() (B) std\c_type = [zz_mixer_t]
[12:56:19] [Debug] C2PB_FunctionToProtoType() (B) std\pb_type = []
[12:56:19] [Debug] C2PB_FunctionToProtoType() (A) std\c_name = [spr]
[12:56:19] [Debug] C2PB_FunctionToProtoType() (A) std\c_type = [zz_u32_t]
[12:56:19] [Debug] C2PB_FunctionToProtoType() (A) std\pb_type = []
[12:56:19] [Debug] SearchTypeDef() name=[spr] type=[zz_u32_t]
[12:56:19] [Debug] C2PB_FunctionToProtoType() (B) std\c_name = [spr]
[12:56:19] [Debug] C2PB_FunctionToProtoType() (B) std\c_type = [zz_u32_t]
[12:56:19] [Debug] C2PB_FunctionToProtoType() (B) std\pb_type = [.i]
[12:56:19] [Debug] SearchTypeDef() name=[] type=[zz_err_t]
[12:56:19] [Debug] ==PrototypeC.l zz_core_init(core.l,mixer,spr.i) : Global zz_core_init.zz_core_init
[12:56:19] [Debug] ==zz_core_init = GetFunction(dll,"zz_core_init")
[12:56:19] [Debug] 
[12:56:19] [Debug] Single Line Source:void zz_core_kill(zz_core_t core)
[12:56:19] [Debug] C2PB_FunctionToProtoType() inputstring = [void zz_core_kill(zz_core_t core)]
[12:56:19] [Debug] C2PB_FunctionToProtoType() result = [void zz_core_kill(zz_core_t core)]
[12:56:19] [Debug] C2PB_FunctionToProtoType() args = [zz_core_t core]
[12:56:19] [Debug] C2PB_FunctionToProtoType() pramname = [core]
[12:56:19] [Debug] C2PB_FunctionToProtoType() argstype = [zz_core_t ]
[12:56:19] [Debug] C2PB_FunctionToProtoType() (A) std\c_name = [core]
[12:56:19] [Debug] C2PB_FunctionToProtoType() (A) std\c_type = [zz_core_t]
[12:56:19] [Debug] C2PB_FunctionToProtoType() (A) std\pb_type = []
[12:56:19] [Debug] SearchTypeDef() name=[core] type=[zz_core_t]
[12:56:19] [Debug] C2PB_FunctionToProtoType() (B) std\c_name = [core]
[12:56:19] [Debug] C2PB_FunctionToProtoType() (B) std\c_type = [zz_core_t]
[12:56:19] [Debug] C2PB_FunctionToProtoType() (B) std\pb_type = [.l]
[12:56:19] [Debug] SearchTypeDef() name=[] type=[void]
[12:56:19] [Debug] ==PrototypeC zz_core_kill(core.l) : Global zz_core_kill.zz_core_kill
[12:56:19] [Debug] ==zz_core_kill = GetFunction(dll,"zz_core_kill")
[12:56:19] [Debug] 
[12:56:19] [Debug] Single Line Source:zz_err_t zz_core_tick(zz_core_t const core)
[12:56:19] [Debug] C2PB_FunctionToProtoType() inputstring = [zz_err_t zz_core_tick(zz_core_t const core)]
[12:56:19] [Debug] C2PB_FunctionToProtoType() result = [zz_err_t zz_core_tick(zz_core_t const core)]
[12:56:19] [Debug] C2PB_FunctionToProtoType() args = [zz_core_t const core]
[12:56:19] [Debug] C2PB_FunctionToProtoType() pramname = [core]
[12:56:19] [Debug] C2PB_FunctionToProtoType() argstype = [zz_core_t const ]
[12:56:20] [Debug] C2PB_FunctionToProtoType() (A) std\c_name = [core]
[12:56:20] [Debug] C2PB_FunctionToProtoType() (A) std\c_type = [zz_core_t const]
[12:56:20] [Debug] C2PB_FunctionToProtoType() (A) std\pb_type = []
[12:56:20] [Debug] SearchTypeDef() name=[core] type=[zz_core_t const]
[12:56:20] [Debug] C2PB_FunctionToProtoType() (B) std\c_name = [core]
[12:56:20] [Debug] C2PB_FunctionToProtoType() (B) std\c_type = [zz_core_t const]
[12:56:20] [Debug] C2PB_FunctionToProtoType() (B) std\pb_type = []
[12:56:20] [Debug] SearchTypeDef() name=[] type=[zz_err_t]
[12:56:20] [Debug] ==PrototypeC.l zz_core_tick(core) : Global zz_core_tick.zz_core_tick
[12:56:20] [Debug] ==zz_core_tick = GetFunction(dll,"zz_core_tick")
[12:56:20] [Debug] 
[12:56:20] [Debug] Single Line Source:zz_i16_t zz_core_play(zz_core_t core, void * pcm, zz_i16_t n)
[12:56:20] [Debug] C2PB_FunctionToProtoType() inputstring = [zz_i16_t zz_core_play(zz_core_t core, void * pcm, zz_i16_t n)]
[12:56:20] [Debug] C2PB_FunctionToProtoType() result = [zz_i16_t zz_core_play(zz_core_t core, void * pcm, zz_i16_t n)]
[12:56:20] [Debug] C2PB_FunctionToProtoType() args = [zz_core_t core, void * pcm, zz_i16_t n]
[12:56:20] [Debug] C2PB_FunctionToProtoType() pramname = [core]
[12:56:20] [Debug] C2PB_FunctionToProtoType() argstype = [zz_core_t ]
[12:56:20] [Debug] C2PB_FunctionToProtoType() pramname = [pcm]
[12:56:20] [Debug] C2PB_FunctionToProtoType() argstype = [void * ]
[12:56:20] [Debug] C2PB_FunctionToProtoType() pramname = [n]
[12:56:20] [Debug] C2PB_FunctionToProtoType() argstype = [zz_i16_t ]
[12:56:20] [Debug] C2PB_FunctionToProtoType() (A) std\c_name = [core]
[12:56:20] [Debug] C2PB_FunctionToProtoType() (A) std\c_type = [zz_core_t]
[12:56:20] [Debug] C2PB_FunctionToProtoType() (A) std\pb_type = []
[12:56:20] [Debug] SearchTypeDef() name=[core] type=[zz_core_t]
[12:56:20] [Debug] C2PB_FunctionToProtoType() (B) std\c_name = [core]
[12:56:20] [Debug] C2PB_FunctionToProtoType() (B) std\c_type = [zz_core_t]
[12:56:20] [Debug] C2PB_FunctionToProtoType() (B) std\pb_type = [.l]
[12:56:20] [Debug] C2PB_FunctionToProtoType() (A) std\c_name = [pcm]
[12:56:20] [Debug] C2PB_FunctionToProtoType() (A) std\c_type = [void *]
[12:56:20] [Debug] C2PB_FunctionToProtoType() (A) std\pb_type = []
[12:56:20] [Debug] SearchTypeDef() name=[pcm] type=[void *]
[12:56:20] [Debug] C2PB_FunctionToProtoType() (B) std\c_name = [pcm]
[12:56:20] [Debug] C2PB_FunctionToProtoType() (B) std\c_type = [void *]
[12:56:20] [Debug] C2PB_FunctionToProtoType() (B) std\pb_type = []
[12:56:20] [Debug] C2PB_FunctionToProtoType() (A) std\c_name = [n]
[12:56:20] [Debug] C2PB_FunctionToProtoType() (A) std\c_type = [zz_i16_t]
[12:56:20] [Debug] C2PB_FunctionToProtoType() (A) std\pb_type = []
[12:56:20] [Debug] SearchTypeDef() name=[n] type=[zz_i16_t]
[12:56:20] [Debug] C2PB_FunctionToProtoType() (B) std\c_name = [n]
[12:56:20] [Debug] C2PB_FunctionToProtoType() (B) std\c_type = [zz_i16_t]
[12:56:20] [Debug] C2PB_FunctionToProtoType() (B) std\pb_type = [.l]
[12:56:20] [Debug] SearchTypeDef() name=[] type=[zz_i16_t]
[12:56:20] [Debug] ==PrototypeC.l zz_core_play(core.l,*pcm,n.l) : Global zz_core_play.zz_core_play
[12:56:20] [Debug] ==zz_core_play = GetFunction(dll,"zz_core_play")
[12:56:20] [Debug] 
[12:56:20] [Debug] Single Line Source:zz_u32_t zz_core_blend(zz_core_t core, zz_u8_t map, zz_u16_t lr8)
[12:56:20] [Debug] C2PB_FunctionToProtoType() inputstring = [zz_u32_t zz_core_blend(zz_core_t core, zz_u8_t map, zz_u16_t lr8)]
[12:56:20] [Debug] C2PB_FunctionToProtoType() result = [zz_u32_t zz_core_blend(zz_core_t core, zz_u8_t map, zz_u16_t lr8)]
[12:56:20] [Debug] C2PB_FunctionToProtoType() args = [zz_core_t core, zz_u8_t map, zz_u16_t lr8]
[12:56:20] [Debug] C2PB_FunctionToProtoType() pramname = [core]
[12:56:20] [Debug] C2PB_FunctionToProtoType() argstype = [zz_core_t ]
[12:56:20] [Debug] C2PB_FunctionToProtoType() pramname = [map]
[12:56:20] [Debug] C2PB_FunctionToProtoType() argstype = [zz_u8_t ]
[12:56:20] [Debug] C2PB_FunctionToProtoType() pramname = [lr8]
[12:56:20] [Debug] C2PB_FunctionToProtoType() argstype = [zz_u16_t ]
[12:56:20] [Debug] C2PB_FunctionToProtoType() (A) std\c_name = [core]
[12:56:20] [Debug] C2PB_FunctionToProtoType() (A) std\c_type = [zz_core_t]
[12:56:20] [Debug] C2PB_FunctionToProtoType() (A) std\pb_type = []
[12:56:20] [Debug] SearchTypeDef() name=[core] type=[zz_core_t]
[12:56:20] [Debug] C2PB_FunctionToProtoType() (B) std\c_name = [core]
[12:56:20] [Debug] C2PB_FunctionToProtoType() (B) std\c_type = [zz_core_t]
[12:56:20] [Debug] C2PB_FunctionToProtoType() (B) std\pb_type = [.l]
[12:56:20] [Debug] C2PB_FunctionToProtoType() (A) std\c_name = [map]
[12:56:20] [Debug] C2PB_FunctionToProtoType() (A) std\c_type = [zz_u8_t]
[12:56:20] [Debug] C2PB_FunctionToProtoType() (A) std\pb_type = []
[12:56:20] [Debug] SearchTypeDef() name=[map] type=[zz_u8_t]
[12:56:20] [Debug] C2PB_FunctionToProtoType() (B) std\c_name = [map]
[12:56:20] [Debug] C2PB_FunctionToProtoType() (B) std\c_type = [zz_u8_t]
[12:56:20] [Debug] C2PB_FunctionToProtoType() (B) std\pb_type = [.a]
[12:56:20] [Debug] C2PB_FunctionToProtoType() (A) std\c_name = [lr8]
[12:56:20] [Debug] C2PB_FunctionToProtoType() (A) std\c_type = [zz_u16_t]
[12:56:20] [Debug] C2PB_FunctionToProtoType() (A) std\pb_type = []
[12:56:20] [Debug] SearchTypeDef() name=[lr8] type=[zz_u16_t]
[12:56:20] [Debug] C2PB_FunctionToProtoType() (B) std\c_name = [lr8]
[12:56:20] [Debug] C2PB_FunctionToProtoType() (B) std\c_type = [zz_u16_t]
[12:56:20] [Debug] C2PB_FunctionToProtoType() (B) std\pb_type = [.i]
[12:56:20] [Debug] SearchTypeDef() name=[] type=[zz_u32_t]
[12:56:20] [Debug] ==PrototypeC.i zz_core_blend(core.l,map.a,lr8.i) : Global zz_core_blend.zz_core_blend
[12:56:20] [Debug] ==zz_core_blend = GetFunction(dll,"zz_core_blend")
[12:56:20] [Debug] 
[12:56:20] [Debug] Single Line Source:zz_u8_t zz_log_bit(const zz_u8_t clr, const zz_u8_t set)
[12:56:20] [Debug] C2PB_FunctionToProtoType() inputstring = [zz_u8_t zz_log_bit(const zz_u8_t clr, const zz_u8_t set)]
[12:56:20] [Debug] C2PB_FunctionToProtoType() result = [zz_u8_t zz_log_bit(const zz_u8_t clr, const zz_u8_t set)]
[12:56:20] [Debug] C2PB_FunctionToProtoType() args = [const zz_u8_t clr, const zz_u8_t set]
[12:56:20] [Debug] C2PB_FunctionToProtoType() pramname = [clr]
[12:56:20] [Debug] C2PB_FunctionToProtoType() argstype = [const zz_u8_t ]
[12:56:20] [Debug] C2PB_FunctionToProtoType() pramname = [set]
[12:56:20] [Debug] C2PB_FunctionToProtoType() argstype = [const zz_u8_t ]
[12:56:20] [Debug] C2PB_FunctionToProtoType() (A) std\c_name = [clr]
[12:56:20] [Debug] C2PB_FunctionToProtoType() (A) std\c_type = [const zz_u8_t]
[12:56:20] [Debug] C2PB_FunctionToProtoType() (A) std\pb_type = []
[12:56:20] [Debug] SearchTypeDef() name=[clr] type=[const zz_u8_t]
[12:56:20] [Debug] C2PB_FunctionToProtoType() (B) std\c_name = [clr]
[12:56:20] [Debug] C2PB_FunctionToProtoType() (B) std\c_type = [const zz_u8_t]
[12:56:20] [Debug] C2PB_FunctionToProtoType() (B) std\pb_type = []
[12:56:20] [Debug] C2PB_FunctionToProtoType() (A) std\c_name = [set]
[12:56:20] [Debug] C2PB_FunctionToProtoType() (A) std\c_type = [const zz_u8_t]
[12:56:20] [Debug] C2PB_FunctionToProtoType() (A) std\pb_type = []
[12:56:20] [Debug] SearchTypeDef() name=[set] type=[const zz_u8_t]
[12:56:20] [Debug] C2PB_FunctionToProtoType() (B) std\c_name = [set]
[12:56:20] [Debug] C2PB_FunctionToProtoType() (B) std\c_type = [const zz_u8_t]
[12:56:20] [Debug] C2PB_FunctionToProtoType() (B) std\pb_type = []
[12:56:20] [Debug] SearchTypeDef() name=[] type=[zz_u8_t]
[12:56:20] [Debug] ==PrototypeC.a zz_log_bit(clr,set) : Global zz_log_bit.zz_log_bit
[12:56:20] [Debug] ==zz_log_bit = GetFunction(dll,"zz_log_bit")
[12:56:20] [Debug] 
[12:56:20] [Debug] Single Line Source:void zz_log_fun(zz_log_t func, void * user)
[12:56:20] [Debug] C2PB_FunctionToProtoType() inputstring = [void zz_log_fun(zz_log_t func, void * user)]
[12:56:20] [Debug] C2PB_FunctionToProtoType() result = [void zz_log_fun(zz_log_t func, void * user)]
[12:56:20] [Debug] C2PB_FunctionToProtoType() args = [zz_log_t func, void * user]
[12:56:20] [Debug] C2PB_FunctionToProtoType() pramname = [func]
[12:56:20] [Debug] C2PB_FunctionToProtoType() argstype = [zz_log_t ]
[12:56:20] [Debug] C2PB_FunctionToProtoType() pramname = [user]
[12:56:20] [Debug] C2PB_FunctionToProtoType() argstype = [void * ]
[12:56:20] [Debug] C2PB_FunctionToProtoType() (A) std\c_name = [func]
[12:56:20] [Debug] C2PB_FunctionToProtoType() (A) std\c_type = [zz_log_t]
[12:56:20] [Debug] C2PB_FunctionToProtoType() (A) std\pb_type = []
[12:56:20] [Debug] SearchTypeDef() name=[func] type=[zz_log_t]
[12:56:20] [Debug] C2PB_FunctionToProtoType() (B) std\c_name = [func]
[12:56:20] [Debug] C2PB_FunctionToProtoType() (B) std\c_type = [zz_log_t]
[12:56:20] [Debug] C2PB_FunctionToProtoType() (B) std\pb_type = []
[12:56:20] [Debug] C2PB_FunctionToProtoType() (A) std\c_name = [user]
[12:56:20] [Debug] C2PB_FunctionToProtoType() (A) std\c_type = [void *]
[12:56:20] [Debug] C2PB_FunctionToProtoType() (A) std\pb_type = []
[12:56:20] [Debug] SearchTypeDef() name=[user] type=[void *]
[12:56:20] [Debug] C2PB_FunctionToProtoType() (B) std\c_name = [user]
[12:56:20] [Debug] C2PB_FunctionToProtoType() (B) std\c_type = [void *]
[12:56:20] [Debug] C2PB_FunctionToProtoType() (B) std\pb_type = []
[12:56:20] [Debug] SearchTypeDef() name=[] type=[void]
[12:56:20] [Debug] ==PrototypeC zz_log_fun(func,*user) : Global zz_log_fun.zz_log_fun
[12:56:20] [Debug] ==zz_log_fun = GetFunction(dll,"zz_log_fun")
[12:56:20] [Debug] 
[12:56:20] [Debug] Single Line Source:void zz_mem(zz_new_t newf, zz_del_t delf)
[12:56:20] [Debug] C2PB_FunctionToProtoType() inputstring = [void zz_mem(zz_new_t newf, zz_del_t delf)]
[12:56:20] [Debug] C2PB_FunctionToProtoType() result = [void zz_mem(zz_new_t newf, zz_del_t delf)]
[12:56:20] [Debug] C2PB_FunctionToProtoType() args = [zz_new_t newf, zz_del_t delf]
[12:56:20] [Debug] C2PB_FunctionToProtoType() pramname = [newf]
[12:56:20] [Debug] C2PB_FunctionToProtoType() argstype = [zz_new_t ]
[12:56:20] [Debug] C2PB_FunctionToProtoType() pramname = [delf]
[12:56:20] [Debug] C2PB_FunctionToProtoType() argstype = [zz_del_t ]
[12:56:20] [Debug] C2PB_FunctionToProtoType() (A) std\c_name = [newf]
[12:56:20] [Debug] C2PB_FunctionToProtoType() (A) std\c_type = [zz_new_t]
[12:56:20] [Debug] C2PB_FunctionToProtoType() (A) std\pb_type = []
[12:56:20] [Debug] SearchTypeDef() name=[newf] type=[zz_new_t]
[12:56:20] [Debug] C2PB_FunctionToProtoType() (B) std\c_name = [newf]
[12:56:20] [Debug] C2PB_FunctionToProtoType() (B) std\c_type = [zz_new_t]
[12:56:20] [Debug] C2PB_FunctionToProtoType() (B) std\pb_type = []
[12:56:20] [Debug] C2PB_FunctionToProtoType() (A) std\c_name = [delf]
[12:56:20] [Debug] C2PB_FunctionToProtoType() (A) std\c_type = [zz_del_t]
[12:56:20] [Debug] C2PB_FunctionToProtoType() (A) std\pb_type = []
[12:56:20] [Debug] SearchTypeDef() name=[delf] type=[zz_del_t]
[12:56:20] [Debug] C2PB_FunctionToProtoType() (B) std\c_name = [delf]
[12:56:20] [Debug] C2PB_FunctionToProtoType() (B) std\c_type = [zz_del_t]
[12:56:20] [Debug] C2PB_FunctionToProtoType() (B) std\pb_type = []
[12:56:20] [Debug] SearchTypeDef() name=[] type=[void]
[12:56:20] [Debug] ==PrototypeC zz_mem(newf,delf) : Global zz_mem.zz_mem
[12:56:20] [Debug] ==zz_mem = GetFunction(dll,"zz_mem")
[12:56:20] [Debug] 
[12:56:20] [Debug] Single Line Source:zz_err_t zz_new(zz_play_t * pplay)
[12:56:20] [Debug] C2PB_FunctionToProtoType() inputstring = [zz_err_t zz_new(zz_play_t * pplay)]
[12:56:20] [Debug] C2PB_FunctionToProtoType() result = [zz_err_t zz_new(zz_play_t * pplay)]
[12:56:20] [Debug] C2PB_FunctionToProtoType() args = [zz_play_t * pplay]
[12:56:20] [Debug] C2PB_FunctionToProtoType() pramname = [pplay]
[12:56:20] [Debug] C2PB_FunctionToProtoType() argstype = [zz_play_t * ]
[12:56:20] [Debug] C2PB_FunctionToProtoType() (A) std\c_name = [pplay]
[12:56:20] [Debug] C2PB_FunctionToProtoType() (A) std\c_type = [zz_play_t *]
[12:56:20] [Debug] C2PB_FunctionToProtoType() (A) std\pb_type = []
[12:56:20] [Debug] SearchTypeDef() name=[pplay] type=[zz_play_t *]
[12:56:20] [Debug] C2PB_FunctionToProtoType() (B) std\c_name = [pplay]
[12:56:20] [Debug] C2PB_FunctionToProtoType() (B) std\c_type = [zz_play_t *]
[12:56:20] [Debug] C2PB_FunctionToProtoType() (B) std\pb_type = []
[12:56:20] [Debug] SearchTypeDef() name=[] type=[zz_err_t]
[12:56:20] [Debug] ==PrototypeC.l zz_new(*pplay) : Global zz_new.zz_new
[12:56:20] [Debug] ==zz_new = GetFunction(dll,"zz_new")
[12:56:20] [Debug] 
[12:56:21] [Debug] Single Line Source:void zz_del(zz_play_t * pplay)
[12:56:21] [Debug] C2PB_FunctionToProtoType() inputstring = [void zz_del(zz_play_t * pplay)]
[12:56:21] [Debug] C2PB_FunctionToProtoType() result = [void zz_del(zz_play_t * pplay)]
[12:56:21] [Debug] C2PB_FunctionToProtoType() args = [zz_play_t * pplay]
[12:56:21] [Debug] C2PB_FunctionToProtoType() pramname = [pplay]
[12:56:21] [Debug] C2PB_FunctionToProtoType() argstype = [zz_play_t * ]
[12:56:21] [Debug] C2PB_FunctionToProtoType() (A) std\c_name = [pplay]
[12:56:21] [Debug] C2PB_FunctionToProtoType() (A) std\c_type = [zz_play_t *]
[12:56:21] [Debug] C2PB_FunctionToProtoType() (A) std\pb_type = []
[12:56:21] [Debug] SearchTypeDef() name=[pplay] type=[zz_play_t *]
[12:56:21] [Debug] C2PB_FunctionToProtoType() (B) std\c_name = [pplay]
[12:56:21] [Debug] C2PB_FunctionToProtoType() (B) std\c_type = [zz_play_t *]
[12:56:21] [Debug] C2PB_FunctionToProtoType() (B) std\pb_type = []
[12:56:21] [Debug] SearchTypeDef() name=[] type=[void]
[12:56:21] [Debug] ==PrototypeC zz_del(*pplay) : Global zz_del.zz_del
[12:56:21] [Debug] ==zz_del = GetFunction(dll,"zz_del")
[12:56:21] [Debug] 
[12:56:21] [Debug] Multi Line Source:zz_err_t zz_load(zz_play_t const play,		 const char * song, const char * vset,		 zz_u8_t * pfmt)
[12:56:21] [Debug] C2PB_FunctionToProtoType() inputstring = [zz_err_t zz_load(zz_play_t const play,		 const char * song, const char * vset,		 zz_u8_t * pfmt)]
[12:56:21] [Debug] C2PB_FunctionToProtoType() result = [zz_err_t zz_load(zz_play_t const play, const char * song, const char * vset, zz_u8_t * pfmt)]
[12:56:21] [Debug] C2PB_FunctionToProtoType() args = [zz_play_t const play, const char * song, const char * vset, zz_u8_t * pfmt]
[12:56:21] [Debug] C2PB_FunctionToProtoType() pramname = [play]
[12:56:21] [Debug] C2PB_FunctionToProtoType() argstype = [zz_play_t const ]
[12:56:21] [Debug] C2PB_FunctionToProtoType() pramname = [song]
[12:56:21] [Debug] C2PB_FunctionToProtoType() argstype = [const char * ]
[12:56:21] [Debug] C2PB_FunctionToProtoType() pramname = [vset]
[12:56:21] [Debug] C2PB_FunctionToProtoType() argstype = [const char * ]
[12:56:21] [Debug] C2PB_FunctionToProtoType() pramname = [pfmt]
[12:56:21] [Debug] C2PB_FunctionToProtoType() argstype = [zz_u8_t * ]
[12:56:21] [Debug] C2PB_FunctionToProtoType() (A) std\c_name = [play]
[12:56:21] [Debug] C2PB_FunctionToProtoType() (A) std\c_type = [zz_play_t const]
[12:56:21] [Debug] C2PB_FunctionToProtoType() (A) std\pb_type = []
[12:56:21] [Debug] SearchTypeDef() name=[play] type=[zz_play_t const]
[12:56:21] [Debug] C2PB_FunctionToProtoType() (B) std\c_name = [play]
[12:56:21] [Debug] C2PB_FunctionToProtoType() (B) std\c_type = [zz_play_t const]
[12:56:21] [Debug] C2PB_FunctionToProtoType() (B) std\pb_type = []
[12:56:21] [Debug] C2PB_FunctionToProtoType() (A) std\c_name = [song]
[12:56:21] [Debug] C2PB_FunctionToProtoType() (A) std\c_type = [const char *]
[12:56:21] [Debug] C2PB_FunctionToProtoType() (A) std\pb_type = []
[12:56:21] [Debug] SearchTypeDef() name=[song] type=[const char *]
[12:56:21] [Debug] C2PB_FunctionToProtoType() (B) std\c_name = [song]
[12:56:21] [Debug] C2PB_FunctionToProtoType() (B) std\c_type = [const char *]
[12:56:21] [Debug] C2PB_FunctionToProtoType() (B) std\pb_type = [.l]
[12:56:21] [Debug] C2PB_FunctionToProtoType() (A) std\c_name = [vset]
[12:56:21] [Debug] C2PB_FunctionToProtoType() (A) std\c_type = [const char *]
[12:56:21] [Debug] C2PB_FunctionToProtoType() (A) std\pb_type = []
[12:56:21] [Debug] SearchTypeDef() name=[vset] type=[const char *]
[12:56:21] [Debug] C2PB_FunctionToProtoType() (B) std\c_name = [vset]
[12:56:21] [Debug] C2PB_FunctionToProtoType() (B) std\c_type = [const char *]
[12:56:21] [Debug] C2PB_FunctionToProtoType() (B) std\pb_type = [.l]
[12:56:21] [Debug] C2PB_FunctionToProtoType() (A) std\c_name = [pfmt]
[12:56:21] [Debug] C2PB_FunctionToProtoType() (A) std\c_type = [zz_u8_t *]
[12:56:21] [Debug] C2PB_FunctionToProtoType() (A) std\pb_type = []
[12:56:21] [Debug] SearchTypeDef() name=[pfmt] type=[zz_u8_t *]
[12:56:21] [Debug] C2PB_FunctionToProtoType() (B) std\c_name = [pfmt]
[12:56:21] [Debug] C2PB_FunctionToProtoType() (B) std\c_type = [zz_u8_t *]
[12:56:21] [Debug] C2PB_FunctionToProtoType() (B) std\pb_type = []
[12:56:21] [Debug] SearchTypeDef() name=[] type=[zz_err_t]
[12:56:21] [Debug] ==PrototypeC.l zz_load(play,*song.l,*vset.l,*pfmt) : Global zz_load.zz_load
[12:56:21] [Debug] ==zz_load = GetFunction(dll,"zz_load")
[12:56:21] [Debug] 
[12:56:21] [Debug] Single Line Source:zz_err_t zz_close(zz_play_t const play)
[12:56:21] [Debug] C2PB_FunctionToProtoType() inputstring = [zz_err_t zz_close(zz_play_t const play)]
[12:56:21] [Debug] C2PB_FunctionToProtoType() result = [zz_err_t zz_close(zz_play_t const play)]
[12:56:21] [Debug] C2PB_FunctionToProtoType() args = [zz_play_t const play]
[12:56:21] [Debug] C2PB_FunctionToProtoType() pramname = [play]
[12:56:21] [Debug] C2PB_FunctionToProtoType() argstype = [zz_play_t const ]
[12:56:21] [Debug] C2PB_FunctionToProtoType() (A) std\c_name = [play]
[12:56:21] [Debug] C2PB_FunctionToProtoType() (A) std\c_type = [zz_play_t const]
[12:56:21] [Debug] C2PB_FunctionToProtoType() (A) std\pb_type = []
[12:56:21] [Debug] SearchTypeDef() name=[play] type=[zz_play_t const]
[12:56:21] [Debug] C2PB_FunctionToProtoType() (B) std\c_name = [play]
[12:56:21] [Debug] C2PB_FunctionToProtoType() (B) std\c_type = [zz_play_t const]
[12:56:21] [Debug] C2PB_FunctionToProtoType() (B) std\pb_type = []
[12:56:21] [Debug] SearchTypeDef() name=[] type=[zz_err_t]
[12:56:21] [Debug] ==PrototypeC.l zz_close(play) : Global zz_close.zz_close
[12:56:21] [Debug] ==zz_close = GetFunction(dll,"zz_close")
[12:56:21] [Debug] 
[12:56:21] [Debug] Single Line Source:zz_err_t zz_info(zz_play_t play, zz_info_t * pinfo)
[12:56:21] [Debug] C2PB_FunctionToProtoType() inputstring = [zz_err_t zz_info(zz_play_t play, zz_info_t * pinfo)]
[12:56:21] [Debug] C2PB_FunctionToProtoType() result = [zz_err_t zz_info(zz_play_t play, zz_info_t * pinfo)]
[12:56:21] [Debug] C2PB_FunctionToProtoType() args = [zz_play_t play, zz_info_t * pinfo]
[12:56:21] [Debug] C2PB_FunctionToProtoType() pramname = [play]
[12:56:21] [Debug] C2PB_FunctionToProtoType() argstype = [zz_play_t ]
[12:56:21] [Debug] C2PB_FunctionToProtoType() pramname = [pinfo]
[12:56:21] [Debug] C2PB_FunctionToProtoType() argstype = [zz_info_t * ]
[12:56:21] [Debug] C2PB_FunctionToProtoType() (A) std\c_name = [play]
[12:56:21] [Debug] C2PB_FunctionToProtoType() (A) std\c_type = [zz_play_t]
[12:56:21] [Debug] C2PB_FunctionToProtoType() (A) std\pb_type = []
[12:56:21] [Debug] SearchTypeDef() name=[play] type=[zz_play_t]
[12:56:21] [Debug] C2PB_FunctionToProtoType() (B) std\c_name = [play]
[12:56:21] [Debug] C2PB_FunctionToProtoType() (B) std\c_type = [zz_play_t]
[12:56:21] [Debug] C2PB_FunctionToProtoType() (B) std\pb_type = []
[12:56:21] [Debug] C2PB_FunctionToProtoType() (A) std\c_name = [pinfo]
[12:56:21] [Debug] C2PB_FunctionToProtoType() (A) std\c_type = [zz_info_t *]
[12:56:21] [Debug] C2PB_FunctionToProtoType() (A) std\pb_type = []
[12:56:21] [Debug] SearchTypeDef() name=[pinfo] type=[zz_info_t *]
[12:56:21] [Debug] C2PB_FunctionToProtoType() (B) std\c_name = [pinfo]
[12:56:21] [Debug] C2PB_FunctionToProtoType() (B) std\c_type = [zz_info_t *]
[12:56:21] [Debug] C2PB_FunctionToProtoType() (B) std\pb_type = []
[12:56:21] [Debug] SearchTypeDef() name=[] type=[zz_err_t]
[12:56:21] [Debug] ==PrototypeC.l zz_info(play,*pinfo) : Global zz_info.zz_info
[12:56:21] [Debug] ==zz_info = GetFunction(dll,"zz_info")
[12:56:21] [Debug] 
[12:56:21] [Debug] Single Line Source:zz_err_t zz_init(zz_play_t play, zz_u16_t rate, zz_u32_t ms)
[12:56:21] [Debug] C2PB_FunctionToProtoType() inputstring = [zz_err_t zz_init(zz_play_t play, zz_u16_t rate, zz_u32_t ms)]
[12:56:21] [Debug] C2PB_FunctionToProtoType() result = [zz_err_t zz_init(zz_play_t play, zz_u16_t rate, zz_u32_t ms)]
[12:56:21] [Debug] C2PB_FunctionToProtoType() args = [zz_play_t play, zz_u16_t rate, zz_u32_t ms]
[12:56:21] [Debug] C2PB_FunctionToProtoType() pramname = [play]
[12:56:21] [Debug] C2PB_FunctionToProtoType() argstype = [zz_play_t ]
[12:56:21] [Debug] C2PB_FunctionToProtoType() pramname = [rate]
[12:56:21] [Debug] C2PB_FunctionToProtoType() argstype = [zz_u16_t ]
[12:56:21] [Debug] C2PB_FunctionToProtoType() pramname = [ms]
[12:56:21] [Debug] C2PB_FunctionToProtoType() argstype = [zz_u32_t ]
[12:56:21] [Debug] C2PB_FunctionToProtoType() (A) std\c_name = [play]
[12:56:21] [Debug] C2PB_FunctionToProtoType() (A) std\c_type = [zz_play_t]
[12:56:21] [Debug] C2PB_FunctionToProtoType() (A) std\pb_type = []
[12:56:21] [Debug] SearchTypeDef() name=[play] type=[zz_play_t]
[12:56:21] [Debug] C2PB_FunctionToProtoType() (B) std\c_name = [play]
[12:56:21] [Debug] C2PB_FunctionToProtoType() (B) std\c_type = [zz_play_t]
[12:56:21] [Debug] C2PB_FunctionToProtoType() (B) std\pb_type = []
[12:56:21] [Debug] C2PB_FunctionToProtoType() (A) std\c_name = [rate]
[12:56:21] [Debug] C2PB_FunctionToProtoType() (A) std\c_type = [zz_u16_t]
[12:56:21] [Debug] C2PB_FunctionToProtoType() (A) std\pb_type = []
[12:56:21] [Debug] SearchTypeDef() name=[rate] type=[zz_u16_t]
[12:56:21] [Debug] C2PB_FunctionToProtoType() (B) std\c_name = [rate]
[12:56:21] [Debug] C2PB_FunctionToProtoType() (B) std\c_type = [zz_u16_t]
[12:56:21] [Debug] C2PB_FunctionToProtoType() (B) std\pb_type = [.i]
[12:56:21] [Debug] C2PB_FunctionToProtoType() (A) std\c_name = [ms]
[12:56:21] [Debug] C2PB_FunctionToProtoType() (A) std\c_type = [zz_u32_t]
[12:56:21] [Debug] C2PB_FunctionToProtoType() (A) std\pb_type = []
[12:56:21] [Debug] SearchTypeDef() name=[ms] type=[zz_u32_t]
[12:56:21] [Debug] C2PB_FunctionToProtoType() (B) std\c_name = [ms]
[12:56:21] [Debug] C2PB_FunctionToProtoType() (B) std\c_type = [zz_u32_t]
[12:56:21] [Debug] C2PB_FunctionToProtoType() (B) std\pb_type = [.i]
[12:56:21] [Debug] SearchTypeDef() name=[] type=[zz_err_t]
[12:56:21] [Debug] ==PrototypeC.l zz_init(play,rate.i,ms.i) : Global zz_init.zz_init
[12:56:21] [Debug] ==zz_init = GetFunction(dll,"zz_init")
[12:56:21] [Debug] 
[12:56:21] [Debug] Single Line Source:zz_err_t zz_setup(zz_play_t play, zz_u8_t mixer, zz_u32_t spr)
[12:56:21] [Debug] C2PB_FunctionToProtoType() inputstring = [zz_err_t zz_setup(zz_play_t play, zz_u8_t mixer, zz_u32_t spr)]
[12:56:21] [Debug] C2PB_FunctionToProtoType() result = [zz_err_t zz_setup(zz_play_t play, zz_u8_t mixer, zz_u32_t spr)]
[12:56:21] [Debug] C2PB_FunctionToProtoType() args = [zz_play_t play, zz_u8_t mixer, zz_u32_t spr]
[12:56:21] [Debug] C2PB_FunctionToProtoType() pramname = [play]
[12:56:21] [Debug] C2PB_FunctionToProtoType() argstype = [zz_play_t ]
[12:56:21] [Debug] C2PB_FunctionToProtoType() pramname = [mixer]
[12:56:21] [Debug] C2PB_FunctionToProtoType() argstype = [zz_u8_t ]
[12:56:21] [Debug] C2PB_FunctionToProtoType() pramname = [spr]
[12:56:21] [Debug] C2PB_FunctionToProtoType() argstype = [zz_u32_t ]
[12:56:21] [Debug] C2PB_FunctionToProtoType() (A) std\c_name = [play]
[12:56:21] [Debug] C2PB_FunctionToProtoType() (A) std\c_type = [zz_play_t]
[12:56:21] [Debug] C2PB_FunctionToProtoType() (A) std\pb_type = []
[12:56:21] [Debug] SearchTypeDef() name=[play] type=[zz_play_t]
[12:56:21] [Debug] C2PB_FunctionToProtoType() (B) std\c_name = [play]
[12:56:21] [Debug] C2PB_FunctionToProtoType() (B) std\c_type = [zz_play_t]
[12:56:21] [Debug] C2PB_FunctionToProtoType() (B) std\pb_type = []
[12:56:21] [Debug] C2PB_FunctionToProtoType() (A) std\c_name = [mixer]
[12:56:21] [Debug] C2PB_FunctionToProtoType() (A) std\c_type = [zz_u8_t]
[12:56:21] [Debug] C2PB_FunctionToProtoType() (A) std\pb_type = []
[12:56:21] [Debug] SearchTypeDef() name=[mixer] type=[zz_u8_t]
[12:56:21] [Debug] C2PB_FunctionToProtoType() (B) std\c_name = [mixer]
[12:56:21] [Debug] C2PB_FunctionToProtoType() (B) std\c_type = [zz_u8_t]
[12:56:21] [Debug] C2PB_FunctionToProtoType() (B) std\pb_type = [.a]
[12:56:21] [Debug] C2PB_FunctionToProtoType() (A) std\c_name = [spr]
[12:56:21] [Debug] C2PB_FunctionToProtoType() (A) std\c_type = [zz_u32_t]
[12:56:21] [Debug] C2PB_FunctionToProtoType() (A) std\pb_type = []
[12:56:21] [Debug] SearchTypeDef() name=[spr] type=[zz_u32_t]
[12:56:21] [Debug] C2PB_FunctionToProtoType() (B) std\c_name = [spr]
[12:56:21] [Debug] C2PB_FunctionToProtoType() (B) std\c_type = [zz_u32_t]
[12:56:21] [Debug] C2PB_FunctionToProtoType() (B) std\pb_type = [.i]
[12:56:21] [Debug] SearchTypeDef() name=[] type=[zz_err_t]
[12:56:21] [Debug] ==PrototypeC.l zz_setup(play,mixer.a,spr.i) : Global zz_setup.zz_setup
[12:56:21] [Debug] ==zz_setup = GetFunction(dll,"zz_setup")
[12:56:21] [Debug] 
[12:56:21] [Debug] Single Line Source:zz_err_t zz_tick(zz_play_t play)
[12:56:21] [Debug] C2PB_FunctionToProtoType() inputstring = [zz_err_t zz_tick(zz_play_t play)]
[12:56:21] [Debug] C2PB_FunctionToProtoType() result = [zz_err_t zz_tick(zz_play_t play)]
[12:56:21] [Debug] C2PB_FunctionToProtoType() args = [zz_play_t play]
[12:56:21] [Debug] C2PB_FunctionToProtoType() pramname = [play]
[12:56:21] [Debug] C2PB_FunctionToProtoType() argstype = [zz_play_t ]
[12:56:21] [Debug] C2PB_FunctionToProtoType() (A) std\c_name = [play]
[12:56:21] [Debug] C2PB_FunctionToProtoType() (A) std\c_type = [zz_play_t]
[12:56:21] [Debug] C2PB_FunctionToProtoType() (A) std\pb_type = []
[12:56:21] [Debug] SearchTypeDef() name=[play] type=[zz_play_t]
[12:56:21] [Debug] C2PB_FunctionToProtoType() (B) std\c_name = [play]
[12:56:22] [Debug] C2PB_FunctionToProtoType() (B) std\c_type = [zz_play_t]
[12:56:22] [Debug] C2PB_FunctionToProtoType() (B) std\pb_type = []
[12:56:22] [Debug] SearchTypeDef() name=[] type=[zz_err_t]
[12:56:22] [Debug] ==PrototypeC.l zz_tick(play) : Global zz_tick.zz_tick
[12:56:22] [Debug] ==zz_tick = GetFunction(dll,"zz_tick")
[12:56:22] [Debug] 
[12:56:22] [Debug] Single Line Source:zz_i16_t zz_play(zz_play_t play, void * pcm, zz_i16_t n)
[12:56:22] [Debug] C2PB_FunctionToProtoType() inputstring = [zz_i16_t zz_play(zz_play_t play, void * pcm, zz_i16_t n)]
[12:56:22] [Debug] C2PB_FunctionToProtoType() result = [zz_i16_t zz_play(zz_play_t play, void * pcm, zz_i16_t n)]
[12:56:22] [Debug] C2PB_FunctionToProtoType() args = [zz_play_t play, void * pcm, zz_i16_t n]
[12:56:22] [Debug] C2PB_FunctionToProtoType() pramname = [play]
[12:56:22] [Debug] C2PB_FunctionToProtoType() argstype = [zz_play_t ]
[12:56:22] [Debug] C2PB_FunctionToProtoType() pramname = [pcm]
[12:56:22] [Debug] C2PB_FunctionToProtoType() argstype = [void * ]
[12:56:22] [Debug] C2PB_FunctionToProtoType() pramname = [n]
[12:56:22] [Debug] C2PB_FunctionToProtoType() argstype = [zz_i16_t ]
[12:56:22] [Debug] C2PB_FunctionToProtoType() (A) std\c_name = [play]
[12:56:22] [Debug] C2PB_FunctionToProtoType() (A) std\c_type = [zz_play_t]
[12:56:22] [Debug] C2PB_FunctionToProtoType() (A) std\pb_type = []
[12:56:22] [Debug] SearchTypeDef() name=[play] type=[zz_play_t]
[12:56:22] [Debug] C2PB_FunctionToProtoType() (B) std\c_name = [play]
[12:56:22] [Debug] C2PB_FunctionToProtoType() (B) std\c_type = [zz_play_t]
[12:56:22] [Debug] C2PB_FunctionToProtoType() (B) std\pb_type = []
[12:56:22] [Debug] C2PB_FunctionToProtoType() (A) std\c_name = [pcm]
[12:56:22] [Debug] C2PB_FunctionToProtoType() (A) std\c_type = [void *]
[12:56:22] [Debug] C2PB_FunctionToProtoType() (A) std\pb_type = []
[12:56:22] [Debug] SearchTypeDef() name=[pcm] type=[void *]
[12:56:22] [Debug] C2PB_FunctionToProtoType() (B) std\c_name = [pcm]
[12:56:22] [Debug] C2PB_FunctionToProtoType() (B) std\c_type = [void *]
[12:56:22] [Debug] C2PB_FunctionToProtoType() (B) std\pb_type = []
[12:56:22] [Debug] C2PB_FunctionToProtoType() (A) std\c_name = [n]
[12:56:22] [Debug] C2PB_FunctionToProtoType() (A) std\c_type = [zz_i16_t]
[12:56:22] [Debug] C2PB_FunctionToProtoType() (A) std\pb_type = []
[12:56:22] [Debug] SearchTypeDef() name=[n] type=[zz_i16_t]
[12:56:22] [Debug] C2PB_FunctionToProtoType() (B) std\c_name = [n]
[12:56:22] [Debug] C2PB_FunctionToProtoType() (B) std\c_type = [zz_i16_t]
[12:56:22] [Debug] C2PB_FunctionToProtoType() (B) std\pb_type = [.l]
[12:56:22] [Debug] SearchTypeDef() name=[] type=[zz_i16_t]
[12:56:22] [Debug] ==PrototypeC.l zz_play(play,*pcm,n.l) : Global zz_play.zz_play
[12:56:22] [Debug] ==zz_play = GetFunction(dll,"zz_play")
[12:56:22] [Debug] 
[12:56:22] [Debug] Single Line Source:zz_u32_t zz_position(zz_play_t play)
[12:56:22] [Debug] C2PB_FunctionToProtoType() inputstring = [zz_u32_t zz_position(zz_play_t play)]
[12:56:22] [Debug] C2PB_FunctionToProtoType() result = [zz_u32_t zz_position(zz_play_t play)]
[12:56:22] [Debug] C2PB_FunctionToProtoType() args = [zz_play_t play]
[12:56:22] [Debug] C2PB_FunctionToProtoType() pramname = [play]
[12:56:22] [Debug] C2PB_FunctionToProtoType() argstype = [zz_play_t ]
[12:56:22] [Debug] C2PB_FunctionToProtoType() (A) std\c_name = [play]
[12:56:22] [Debug] C2PB_FunctionToProtoType() (A) std\c_type = [zz_play_t]
[12:56:22] [Debug] C2PB_FunctionToProtoType() (A) std\pb_type = []
[12:56:22] [Debug] SearchTypeDef() name=[play] type=[zz_play_t]
[12:56:22] [Debug] C2PB_FunctionToProtoType() (B) std\c_name = [play]
[12:56:22] [Debug] C2PB_FunctionToProtoType() (B) std\c_type = [zz_play_t]
[12:56:22] [Debug] C2PB_FunctionToProtoType() (B) std\pb_type = []
[12:56:22] [Debug] SearchTypeDef() name=[] type=[zz_u32_t]
[12:56:22] [Debug] ==PrototypeC.i zz_position(play) : Global zz_position.zz_position
[12:56:22] [Debug] ==zz_position = GetFunction(dll,"zz_position")
[12:56:22] [Debug] 
[12:56:22] [Debug] Single Line Source:zz_u8_t zz_mixer_info(zz_u8_t id, const char **pname, const char **pdesc)
[12:56:22] [Debug] C2PB_FunctionToProtoType() inputstring = [zz_u8_t zz_mixer_info(zz_u8_t id, const char **pname, const char **pdesc)]
[12:56:22] [Debug] C2PB_FunctionToProtoType() result = [zz_u8_t zz_mixer_info(zz_u8_t id, const char **pname, const char **pdesc)]
[12:56:22] [Debug] C2PB_FunctionToProtoType() args = [zz_u8_t id, const char **pname, const char **pdesc]
[12:56:22] [Debug] C2PB_FunctionToProtoType() pramname = [id]
[12:56:22] [Debug] C2PB_FunctionToProtoType() argstype = [zz_u8_t ]
[12:56:22] [Debug] C2PB_FunctionToProtoType() pramname = [*pname]
[12:56:22] [Debug] C2PB_FunctionToProtoType() argstype = [const char *]
[12:56:22] [Debug] C2PB_FunctionToProtoType() pramname = [*pdesc]
[12:56:22] [Debug] C2PB_FunctionToProtoType() argstype = [const char *]
[12:56:22] [Debug] C2PB_FunctionToProtoType() (A) std\c_name = [id]
[12:56:22] [Debug] C2PB_FunctionToProtoType() (A) std\c_type = [zz_u8_t]
[12:56:22] [Debug] C2PB_FunctionToProtoType() (A) std\pb_type = []
[12:56:22] [Debug] SearchTypeDef() name=[id] type=[zz_u8_t]
[12:56:22] [Debug] C2PB_FunctionToProtoType() (B) std\c_name = [id]
[12:56:22] [Debug] C2PB_FunctionToProtoType() (B) std\c_type = [zz_u8_t]
[12:56:22] [Debug] C2PB_FunctionToProtoType() (B) std\pb_type = [.a]
[12:56:22] [Debug] C2PB_FunctionToProtoType() (A) std\c_name = [*pname]
[12:56:22] [Debug] C2PB_FunctionToProtoType() (A) std\c_type = [const char *]
[12:56:22] [Debug] C2PB_FunctionToProtoType() (A) std\pb_type = []
[12:56:22] [Debug] SearchTypeDef() name=[*pname] type=[const char *]
[12:56:22] [Debug] C2PB_FunctionToProtoType() (B) std\c_name = [*pname]
[12:56:22] [Debug] C2PB_FunctionToProtoType() (B) std\c_type = [const char *]
[12:56:22] [Debug] C2PB_FunctionToProtoType() (B) std\pb_type = [.l]
[12:56:22] [Debug] C2PB_FunctionToProtoType() (A) std\c_name = [*pdesc]
[12:56:22] [Debug] C2PB_FunctionToProtoType() (A) std\c_type = [const char *]
[12:56:22] [Debug] C2PB_FunctionToProtoType() (A) std\pb_type = []
[12:56:22] [Debug] SearchTypeDef() name=[*pdesc] type=[const char *]
[12:56:22] [Debug] C2PB_FunctionToProtoType() (B) std\c_name = [*pdesc]
[12:56:22] [Debug] C2PB_FunctionToProtoType() (B) std\c_type = [const char *]
[12:56:22] [Debug] C2PB_FunctionToProtoType() (B) std\pb_type = [.l]
[12:56:22] [Debug] SearchTypeDef() name=[] type=[zz_u8_t]
[12:56:22] [Debug] ==PrototypeC.a zz_mixer_info(id.a,**pname.l,**pdesc.l) : Global zz_mixer_info.zz_mixer_info
[12:56:22] [Debug] ==zz_mixer_info = GetFunction(dll,"zz_mixer_info")
[12:56:22] [Debug] 
[12:56:22] [Debug] Single Line Source:zz_err_t zz_vfs_add(zz_vfs_dri_t dri)
[12:56:22] [Debug] C2PB_FunctionToProtoType() inputstring = [zz_err_t zz_vfs_add(zz_vfs_dri_t dri)]
[12:56:22] [Debug] C2PB_FunctionToProtoType() result = [zz_err_t zz_vfs_add(zz_vfs_dri_t dri)]
[12:56:22] [Debug] C2PB_FunctionToProtoType() args = [zz_vfs_dri_t dri]
[12:56:22] [Debug] C2PB_FunctionToProtoType() pramname = [dri]
[12:56:22] [Debug] C2PB_FunctionToProtoType() argstype = [zz_vfs_dri_t ]
[12:56:22] [Debug] C2PB_FunctionToProtoType() (A) std\c_name = [dri]
[12:56:22] [Debug] C2PB_FunctionToProtoType() (A) std\c_type = [zz_vfs_dri_t]
[12:56:22] [Debug] C2PB_FunctionToProtoType() (A) std\pb_type = []
[12:56:22] [Debug] SearchTypeDef() name=[dri] type=[zz_vfs_dri_t]
[12:56:22] [Debug] C2PB_FunctionToProtoType() (B) std\c_name = [dri]
[12:56:22] [Debug] C2PB_FunctionToProtoType() (B) std\c_type = [zz_vfs_dri_t]
[12:56:22] [Debug] C2PB_FunctionToProtoType() (B) std\pb_type = []
[12:56:22] [Debug] SearchTypeDef() name=[] type=[zz_err_t]
[12:56:22] [Debug] ==PrototypeC.l zz_vfs_add(dri) : Global zz_vfs_add.zz_vfs_add
[12:56:22] [Debug] ==zz_vfs_add = GetFunction(dll,"zz_vfs_add")
[12:56:22] [Debug] 
[12:56:22] [Debug] Single Line Source:zz_err_t zz_vfs_del(zz_vfs_dri_t dri)
[12:56:22] [Debug] C2PB_FunctionToProtoType() inputstring = [zz_err_t zz_vfs_del(zz_vfs_dri_t dri)]
[12:56:22] [Debug] C2PB_FunctionToProtoType() result = [zz_err_t zz_vfs_del(zz_vfs_dri_t dri)]
[12:56:22] [Debug] C2PB_FunctionToProtoType() args = [zz_vfs_dri_t dri]
[12:56:22] [Debug] C2PB_FunctionToProtoType() pramname = [dri]
[12:56:22] [Debug] C2PB_FunctionToProtoType() argstype = [zz_vfs_dri_t ]
[12:56:22] [Debug] C2PB_FunctionToProtoType() (A) std\c_name = [dri]
[12:56:22] [Debug] C2PB_FunctionToProtoType() (A) std\c_type = [zz_vfs_dri_t]
[12:56:22] [Debug] C2PB_FunctionToProtoType() (A) std\pb_type = []
[12:56:22] [Debug] SearchTypeDef() name=[dri] type=[zz_vfs_dri_t]
[12:56:22] [Debug] C2PB_FunctionToProtoType() (B) std\c_name = [dri]
[12:56:22] [Debug] C2PB_FunctionToProtoType() (B) std\c_type = [zz_vfs_dri_t]
[12:56:22] [Debug] C2PB_FunctionToProtoType() (B) std\pb_type = []
[12:56:22] [Debug] SearchTypeDef() name=[] type=[zz_err_t]
[12:56:22] [Debug] ==PrototypeC.l zz_vfs_del(dri) : Global zz_vfs_del.zz_vfs_del
[12:56:22] [Debug] ==zz_vfs_del = GetFunction(dll,"zz_vfs_del")
[12:56:22] [Debug] 
